[debug] > Exec(all {file:/C:/Users/DanaSeidakhmetova/IdeaProjects/Scala-sample/}root/products {file:/C:/Users/DanaSeidakhmetova/IdeaProjects/Scala-sample/}root/test:products, None, None)
[debug] Evaluating tasks: Compile / products, Test / products
[debug] Running task... Cancel: Signal, check cycles: false, forcegc: true
[info] compiling 1 Scala source to C:\Users\DanaSeidakhmetova\IdeaProjects\Scala-sample\target\scala-3.3.3\classes ...
[error] -- [E006] Not Found Error: C:\Users\DanaSeidakhmetova\IdeaProjects\Scala-sample\src\main\scala\ListExercise.scala:99:8 
[error] 99 |        sqrt(x) match {
[error]    |        ^^^^
[error]    |        Not found: sqrt
[error]    |
[error]    | longer explanation available when compiling with `-explain`
[error] -- [E006] Not Found Error: C:\Users\DanaSeidakhmetova\IdeaProjects\Scala-sample\src\main\scala\ListExercise.scala:101:26 
[error] 101 |          case Some(y) => y.toString
[error]     |                          ^
[error]     |                          Not found: y
[error]     |
[error]     | longer explanation available when compiling with `-explain`
[error] -- [E006] Not Found Error: C:\Users\DanaSeidakhmetova\IdeaProjects\Scala-sample\src\main\scala\ListExercise.scala:103:29 
[error] 103 |      println("foo: " + Some(x))
[error]     |                             ^
[error]     |                             Not found: x
[error]     |
[error]     | longer explanation available when compiling with `-explain`
[error] -- [E008] Not Found Error: C:\Users\DanaSeidakhmetova\IdeaProjects\Scala-sample\src\main\scala\ListExercise.scala:107:30 
[error] 107 |      Some(1).map(x => x + 1) shouldBe Some(2)
[error]     |      ^^^^^^^^^^^^^^^^^^^^^^^^^^^^^^^^
[error]     |      value shouldBe is not a member of Option[Int]
[error] -- [E008] Not Found Error: C:\Users\DanaSeidakhmetova\IdeaProjects\Scala-sample\src\main\scala\ListExercise.scala:108:34 
[error] 108 |      None.map((x: Int) => x + 1) shouldBe None
[error]     |      ^^^^^^^^^^^^^^^^^^^^^^^^^^^^^^^^^^^^
[error]     |      value shouldBe is not a member of Option[Int]
[error] -- [E008] Not Found Error: C:\Users\DanaSeidakhmetova\IdeaProjects\Scala-sample\src\main\scala\ListExercise.scala:110:25 
[error] 109 |      Some(2)
[error] 110 |        .map(x => x + 1) shouldBe
[error]     |      ^
[error]     |      value shouldBe is not a member of Option[Int]
[error] 6 errors found
[error] (Compile / compileIncremental) Compilation failed
[error] Total time: 1 s, completed Oct 4, 2024, 9:54:48 AM
[debug] > Exec(idea-shell, None, None)
