[debug] > Exec(all {file:/C:/Users/DanaSeidakhmetova/IdeaProjects/Scala-sample/}root/products {file:/C:/Users/DanaSeidakhmetova/IdeaProjects/Scala-sample/}root/test:products, None, None)
[debug] Evaluating tasks: Compile / products, Test / products
[debug] Running task... Cancel: Signal, check cycles: false, forcegc: true
[info] compiling 17 Scala sources to C:\Users\DanaSeidakhmetova\IdeaProjects\Scala-sample\target\scala-3.3.3\classes ...
[warn] -- Warning: C:\Users\DanaSeidakhmetova\IdeaProjects\Scala-sample\src\main\scala\HelloWorld.scala:111:0 
[warn] 111 |sealed trait Expr extends Product with Serializable
[warn]     |^
[warn]     |Line is indented too far to the left, or a `}` is missing
[warn] -- Warning: C:\Users\DanaSeidakhmetova\IdeaProjects\Scala-sample\src\main\scala\HelloWorld.scala:112:0 
[warn] 112 |final case class Number(value: Int) extends Expr
[warn]     |^
[warn]     |Line is indented too far to the left, or a `}` is missing
[warn] -- Warning: C:\Users\DanaSeidakhmetova\IdeaProjects\Scala-sample\src\main\scala\HelloWorld.scala:113:0 
[warn] 113 |final case class Plus(lhs: Expr, rhs: Expr) extends Expr
[warn]     |^
[warn]     |Line is indented too far to the left, or a `}` is missing
[warn] -- Warning: C:\Users\DanaSeidakhmetova\IdeaProjects\Scala-sample\src\main\scala\HelloWorld.scala:114:0 
[warn] 114 |final case class Minus(lhs: Expr, rhs: Expr) extends Expr
[warn]     |^
[warn]     |Line is indented too far to the left, or a `}` is missing
[warn] -- Warning: C:\Users\DanaSeidakhmetova\IdeaProjects\Scala-sample\src\main\scala\ScalaIntro.scala:31:0 
[warn] 31 |val names = List("Arthur", "Uther", "Mordred", "Vortigern")
[warn]    |^
[warn]    |Line is indented too far to the left, or a `}` is missing
[warn] -- Warning: C:\Users\DanaSeidakhmetova\IdeaProjects\Scala-sample\src\main\scala\ScalaIntro.scala:35:0 
[warn] 35 |val name = "Dan" :: "Bob" :: "Mike" :: "Tom" :: Nil
[warn]    |^
[warn]    |Line is indented too far to the left, or a `}` is missing
[warn] -- Warning: C:\Users\DanaSeidakhmetova\IdeaProjects\Scala-sample\src\main\scala\ScalaIntro.scala:38:0 
[warn] 38 |val namel = "Liza" :: ("Ann" :: ("Molly" :: ("Victoria" :: Nil)))
[warn]    |^
[warn]    |Line is indented too far to the left, or a `}` is missing
[error] -- [E006] Not Found Error: C:\Users\DanaSeidakhmetova\IdeaProjects\Scala-sample\src\main\scala\Shapes\ShapeDrawingApp.scala:2:7 
[error] 2 |import akka.actor.typed.ActorRef
[error]   |       ^^^^
[error]   |       Not found: akka
[error]   |
[error]   | longer explanation available when compiling with `-explain`
[error] -- [E006] Not Found Error: C:\Users\DanaSeidakhmetova\IdeaProjects\Scala-sample\src\main\scala\Shapes\ShapeDrawingApp.scala:3:7 
[error] 3 |import akka.actor.typed.ActorSystem
[error]   |       ^^^^
[error]   |       Not found: akka
[error]   |
[error]   | longer explanation available when compiling with `-explain`
[error] -- [E006] Not Found Error: C:\Users\DanaSeidakhmetova\IdeaProjects\Scala-sample\src\main\scala\Shapes\ShapeDrawingApp.scala:4:7 
[error] 4 |import akka.actor.typed.Behavior
[error]   |       ^^^^
[error]   |       Not found: akka
[error]   |
[error]   | longer explanation available when compiling with `-explain`
[error] -- [E006] Not Found Error: C:\Users\DanaSeidakhmetova\IdeaProjects\Scala-sample\src\main\scala\Shapes\ShapeDrawingApp.scala:5:7 
[error] 5 |import akka.actor.typed.scaladsl.Behaviors
[error]   |       ^^^^
[error]   |       Not found: akka
[error]   |
[error]   | longer explanation available when compiling with `-explain`
[error] -- [E006] Not Found Error: C:\Users\DanaSeidakhmetova\IdeaProjects\Scala-sample\src\main\scala\Shapes\ShapeDrawingApp.scala:14:32 
[error] 14 |class ShapeDrawingActor extends Actor {
[error]    |                                ^^^^^
[error]    |                                Not found: type Actor
[error]    |
[error]    | longer explanation available when compiling with `-explain`
[error] -- [E006] Not Found Error: C:\Users\DanaSeidakhmetova\IdeaProjects\Scala-sample\src\main\scala\Shapes\ShapeDrawingApp.scala:11:13 
[error] 11 |  def props: Props = Props(new ShapeDrawingActor)
[error]    |             ^^^^^
[error]    |             Not found: type Props
[error]    |
[error]    | longer explanation available when compiling with `-explain`
[error] -- [E006] Not Found Error: C:\Users\DanaSeidakhmetova\IdeaProjects\Scala-sample\src\main\scala\Shapes\ShapeDrawingApp.scala:11:21 
[error] 11 |  def props: Props = Props(new ShapeDrawingActor)
[error]    |                     ^^^^^
[error]    |                     Not found: Props
[error]    |
[error]    | longer explanation available when compiling with `-explain`
[error] -- [E006] Not Found Error: C:\Users\DanaSeidakhmetova\IdeaProjects\Scala-sample\src\main\scala\Shapes\ShapeDrawingApp.scala:15:15 
[error] 15 |  def receive: Receive = {
[error]    |               ^^^^^^^
[error]    |               Not found: type Receive
[error]    |
[error]    | longer explanation available when compiling with `-explain`
[error] -- [E006] Not Found Error: C:\Users\DanaSeidakhmetova\IdeaProjects\Scala-sample\src\main\scala\Shapes\ShapeDrawingApp.scala:16:29 
[error] 16 |    case DrawShape(shape) => shape.draw()
[error]    |                             ^^^^^
[error]    |                             Not found: shape
[error]    |
[error]    | longer explanation available when compiling with `-explain`
[error] -- [E006] Not Found Error: C:\Users\DanaSeidakhmetova\IdeaProjects\Scala-sample\src\main\scala\Shapes\ShapeDrawingApp.scala:19:6 
[error] 19 |      context.system.terminate()
[error]    |      ^^^^^^^
[error]    |      Not found: context
[error]    |
[error]    | longer explanation available when compiling with `-explain`
[warn] 7 warnings found
[error] 10 errors found
[error] (Compile / compileIncremental) Compilation failed
[error] Total time: 5 s, completed Sep 13, 2024, 5:04:33 PM
[debug] > Exec(idea-shell, None, None)
